<?xml version="1.0" encoding="UTF-8"?>
<coverage generated="1516143100251" clover="3.2.0">
  <project timestamp="1516143100252" name="All files">
    <metrics statements="12" coveredstatements="12" conditionals="12" coveredconditionals="12" methods="2" coveredmethods="2" elements="26" coveredelements="26" complexity="0" loc="12" ncloc="12" packages="1" files="1" classes="1">
      <file name="solution.js" path="/Users/yuejiao/Projects/401/401-whiteboard/02-two-highest-of-array/solution.js">
        <metrics statements="12" coveredstatements="12" conditionals="12" coveredconditionals="12" methods="2" coveredmethods="2"/>
        <line num="3" count="1" type="stmt"/>
        <line num="4" count="15" type="stmt"/>
        <line num="5" count="5" type="cond" truecount="2" falsecount="0"/>
        <line num="7" count="4" type="stmt"/>
        <line num="8" count="4" type="cond" truecount="2" falsecount="0"/>
        <line num="9" count="4" type="cond" truecount="2" falsecount="0"/>
        <line num="11" count="4" type="stmt"/>
        <line num="12" count="10" type="cond" truecount="2" falsecount="0"/>
        <line num="13" count="4" type="stmt"/>
        <line num="14" count="4" type="stmt"/>
        <line num="16" count="6" type="cond" truecount="4" falsecount="0"/>
        <line num="18" count="4" type="stmt"/>
      </file>
    </metrics>
  </project>
</coverage>
