{"/Users/yuejiao/Projects/401/401-whiteboard/02-two-highest-of-array/solution.js": {"path":"/Users/yuejiao/Projects/401/401-whiteboard/02-two-highest-of-array/solution.js","statementMap":{"0":{"start":{"line":3,"column":0},"end":{"line":19,"column":1}},"1":{"start":{"line":4,"column":4},"end":{"line":4,"column":39}},"2":{"start":{"line":4,"column":27},"end":{"line":4,"column":37}},"3":{"start":{"line":5,"column":4},"end":{"line":5,"column":36}},"4":{"start":{"line":5,"column":24},"end":{"line":5,"column":36}},"5":{"start":{"line":7,"column":4},"end":{"line":7,"column":42}},"6":{"start":{"line":7,"column":30},"end":{"line":7,"column":42}},"7":{"start":{"line":8,"column":18},"end":{"line":8,"column":51}},"8":{"start":{"line":9,"column":17},"end":{"line":9,"column":50}},"9":{"start":{"line":11,"column":4},"end":{"line":17,"column":5}},"10":{"start":{"line":12,"column":8},"end":{"line":16,"column":72}},"11":{"start":{"line":13,"column":12},"end":{"line":13,"column":29}},"12":{"start":{"line":14,"column":12},"end":{"line":14,"column":29}},"13":{"start":{"line":16,"column":13},"end":{"line":16,"column":72}},"14":{"start":{"line":16,"column":56},"end":{"line":16,"column":72}},"15":{"start":{"line":18,"column":4},"end":{"line":18,"column":35}}},"fnMap":{"0":{"name":"(anonymous_0)","decl":{"start":{"line":3,"column":21},"end":{"line":3,"column":22}},"loc":{"start":{"line":3,"column":28},"end":{"line":19,"column":1}},"line":3},"1":{"name":"(anonymous_1)","decl":{"start":{"line":4,"column":21},"end":{"line":4,"column":22}},"loc":{"start":{"line":4,"column":27},"end":{"line":4,"column":37}},"line":4}},"branchMap":{"0":{"loc":{"start":{"line":5,"column":4},"end":{"line":5,"column":36}},"type":"if","locations":[{"start":{"line":5,"column":4},"end":{"line":5,"column":36}},{"start":{"line":5,"column":4},"end":{"line":5,"column":36}}],"line":5},"1":{"loc":{"start":{"line":8,"column":18},"end":{"line":8,"column":51}},"type":"cond-expr","locations":[{"start":{"line":8,"column":36},"end":{"line":8,"column":42}},{"start":{"line":8,"column":45},"end":{"line":8,"column":51}}],"line":8},"2":{"loc":{"start":{"line":9,"column":17},"end":{"line":9,"column":50}},"type":"cond-expr","locations":[{"start":{"line":9,"column":35},"end":{"line":9,"column":41}},{"start":{"line":9,"column":44},"end":{"line":9,"column":50}}],"line":9},"3":{"loc":{"start":{"line":12,"column":8},"end":{"line":16,"column":72}},"type":"if","locations":[{"start":{"line":12,"column":8},"end":{"line":16,"column":72}},{"start":{"line":12,"column":8},"end":{"line":16,"column":72}}],"line":12},"4":{"loc":{"start":{"line":16,"column":13},"end":{"line":16,"column":72}},"type":"if","locations":[{"start":{"line":16,"column":13},"end":{"line":16,"column":72}},{"start":{"line":16,"column":13},"end":{"line":16,"column":72}}],"line":16},"5":{"loc":{"start":{"line":16,"column":17},"end":{"line":16,"column":54}},"type":"binary-expr","locations":[{"start":{"line":16,"column":17},"end":{"line":16,"column":32}},{"start":{"line":16,"column":36},"end":{"line":16,"column":54}}],"line":16}},"s":{"0":1,"1":5,"2":15,"3":5,"4":1,"5":4,"6":0,"7":4,"8":4,"9":4,"10":10,"11":4,"12":4,"13":6,"14":1,"15":4},"f":{"0":5,"1":15},"b":{"0":[1,4],"1":[2,2],"2":[2,2],"3":[4,6],"4":[1,5],"5":[6,1]},"_coverageSchema":"332fd63041d2c1bcb487cc26dd0d5f7d97098a6c","hash":"3df125059481f1ba9d664e0f31cd514e8b2f11ea"}
}
