{"/Users/yuejiao/Projects/401/401-whiteboard/10-stacks-and-binary-search/solution.js": {"path":"/Users/yuejiao/Projects/401/401-whiteboard/10-stacks-and-binary-search/solution.js","statementMap":{"0":{"start":{"line":4,"column":0},"end":{"line":18,"column":2}},"1":{"start":{"line":5,"column":4},"end":{"line":5,"column":60}},"2":{"start":{"line":5,"column":33},"end":{"line":5,"column":60}},"3":{"start":{"line":6,"column":14},"end":{"line":6,"column":16}},"4":{"start":{"line":6,"column":24},"end":{"line":6,"column":25}},"5":{"start":{"line":7,"column":4},"end":{"line":16,"column":5}},"6":{"start":{"line":8,"column":8},"end":{"line":15,"column":9}},"7":{"start":{"line":9,"column":12},"end":{"line":9,"column":26}},"8":{"start":{"line":10,"column":12},"end":{"line":10,"column":18}},"9":{"start":{"line":12,"column":13},"end":{"line":15,"column":9}},"10":{"start":{"line":13,"column":12},"end":{"line":13,"column":56}},"11":{"start":{"line":13,"column":29},"end":{"line":13,"column":56}},"12":{"start":{"line":14,"column":12},"end":{"line":14,"column":22}},"13":{"start":{"line":17,"column":4},"end":{"line":17,"column":123}},"14":{"start":{"line":21,"column":0},"end":{"line":30,"column":2}},"15":{"start":{"line":22,"column":4},"end":{"line":22,"column":81}},"16":{"start":{"line":22,"column":54},"end":{"line":22,"column":81}},"17":{"start":{"line":23,"column":16},"end":{"line":23,"column":17}},"18":{"start":{"line":23,"column":25},"end":{"line":23,"column":39}},"19":{"start":{"line":23,"column":47},"end":{"line":23,"column":68}},"20":{"start":{"line":24,"column":4},"end":{"line":28,"column":5}},"21":{"start":{"line":25,"column":8},"end":{"line":25,"column":42}},"22":{"start":{"line":25,"column":26},"end":{"line":25,"column":42}},"23":{"start":{"line":26,"column":8},"end":{"line":26,"column":40}},"24":{"start":{"line":26,"column":26},"end":{"line":26,"column":40}},"25":{"start":{"line":27,"column":8},"end":{"line":27,"column":36}},"26":{"start":{"line":29,"column":4},"end":{"line":29,"column":105}}},"fnMap":{"0":{"name":"(anonymous_0)","decl":{"start":{"line":4,"column":22},"end":{"line":4,"column":23}},"loc":{"start":{"line":4,"column":29},"end":{"line":18,"column":1}},"line":4},"1":{"name":"(anonymous_1)","decl":{"start":{"line":21,"column":23},"end":{"line":21,"column":24}},"loc":{"start":{"line":21,"column":35},"end":{"line":30,"column":1}},"line":21}},"branchMap":{"0":{"loc":{"start":{"line":5,"column":4},"end":{"line":5,"column":60}},"type":"if","locations":[{"start":{"line":5,"column":4},"end":{"line":5,"column":60}},{"start":{"line":5,"column":4},"end":{"line":5,"column":60}}],"line":5},"1":{"loc":{"start":{"line":8,"column":8},"end":{"line":15,"column":9}},"type":"if","locations":[{"start":{"line":8,"column":8},"end":{"line":15,"column":9}},{"start":{"line":8,"column":8},"end":{"line":15,"column":9}}],"line":8},"2":{"loc":{"start":{"line":12,"column":13},"end":{"line":15,"column":9}},"type":"if","locations":[{"start":{"line":12,"column":13},"end":{"line":15,"column":9}},{"start":{"line":12,"column":13},"end":{"line":15,"column":9}}],"line":12},"3":{"loc":{"start":{"line":13,"column":12},"end":{"line":13,"column":56}},"type":"if","locations":[{"start":{"line":13,"column":12},"end":{"line":13,"column":56}},{"start":{"line":13,"column":12},"end":{"line":13,"column":56}}],"line":13},"4":{"loc":{"start":{"line":17,"column":11},"end":{"line":17,"column":122}},"type":"cond-expr","locations":[{"start":{"line":17,"column":18},"end":{"line":17,"column":56}},{"start":{"line":17,"column":59},"end":{"line":17,"column":122}}],"line":17},"5":{"loc":{"start":{"line":17,"column":59},"end":{"line":17,"column":122}},"type":"cond-expr","locations":[{"start":{"line":17,"column":73},"end":{"line":17,"column":100}},{"start":{"line":17,"column":103},"end":{"line":17,"column":122}}],"line":17},"6":{"loc":{"start":{"line":22,"column":4},"end":{"line":22,"column":81}},"type":"if","locations":[{"start":{"line":22,"column":4},"end":{"line":22,"column":81}},{"start":{"line":22,"column":4},"end":{"line":22,"column":81}}],"line":22},"7":{"loc":{"start":{"line":22,"column":8},"end":{"line":22,"column":52}},"type":"binary-expr","locations":[{"start":{"line":22,"column":8},"end":{"line":22,"column":27}},{"start":{"line":22,"column":31},"end":{"line":22,"column":52}}],"line":22},"8":{"loc":{"start":{"line":24,"column":11},"end":{"line":24,"column":40}},"type":"binary-expr","locations":[{"start":{"line":24,"column":11},"end":{"line":24,"column":25}},{"start":{"line":24,"column":29},"end":{"line":24,"column":40}}],"line":24},"9":{"loc":{"start":{"line":25,"column":8},"end":{"line":25,"column":42}},"type":"if","locations":[{"start":{"line":25,"column":8},"end":{"line":25,"column":42}},{"start":{"line":25,"column":8},"end":{"line":25,"column":42}}],"line":25},"10":{"loc":{"start":{"line":26,"column":8},"end":{"line":26,"column":40}},"type":"if","locations":[{"start":{"line":26,"column":8},"end":{"line":26,"column":40}},{"start":{"line":26,"column":8},"end":{"line":26,"column":40}}],"line":26},"11":{"loc":{"start":{"line":29,"column":11},"end":{"line":29,"column":104}},"type":"cond-expr","locations":[{"start":{"line":29,"column":28},"end":{"line":29,"column":65}},{"start":{"line":29,"column":68},"end":{"line":29,"column":104}}],"line":29}},"s":{"0":1,"1":11,"2":5,"3":6,"4":6,"5":6,"6":47,"7":9,"8":9,"9":38,"10":9,"11":1,"12":8,"13":5,"14":1,"15":18,"16":12,"17":6,"18":6,"19":6,"20":6,"21":10,"22":6,"23":10,"24":4,"25":10,"26":6},"f":{"0":11,"1":18},"b":{"0":[5,6],"1":[9,38],"2":[9,29],"3":[1,8],"4":[2,3],"5":[2,1],"6":[12,6],"7":[18,12],"8":[16,13],"9":[6,4],"10":[4,6],"11":[3,3]},"_coverageSchema":"332fd63041d2c1bcb487cc26dd0d5f7d97098a6c","hash":"1d7486271b6d68afc0a65d9eab901f938e46d60b"}
}
