TN:
SF:/Users/yuejiao/Projects/401/401-whiteboard/10-stacks-and-binary-search/solution.js
FN:4,(anonymous_0)
FN:21,(anonymous_1)
FNF:2
FNH:2
FNDA:11,(anonymous_0)
FNDA:18,(anonymous_1)
DA:4,1
DA:5,11
DA:6,6
DA:7,6
DA:8,47
DA:9,9
DA:10,9
DA:12,38
DA:13,9
DA:14,8
DA:17,5
DA:21,1
DA:22,18
DA:23,6
DA:24,6
DA:25,10
DA:26,10
DA:27,10
DA:29,6
LF:19
LH:19
BRDA:5,0,0,5
BRDA:5,0,1,6
BRDA:8,1,0,9
BRDA:8,1,1,38
BRDA:12,2,0,9
BRDA:12,2,1,29
BRDA:13,3,0,1
BRDA:13,3,1,8
BRDA:17,4,0,2
BRDA:17,4,1,3
BRDA:17,5,0,2
BRDA:17,5,1,1
BRDA:22,6,0,12
BRDA:22,6,1,6
BRDA:22,7,0,18
BRDA:22,7,1,12
BRDA:24,8,0,16
BRDA:24,8,1,13
BRDA:25,9,0,6
BRDA:25,9,1,4
BRDA:26,10,0,4
BRDA:26,10,1,6
BRDA:29,11,0,3
BRDA:29,11,1,3
BRF:24
BRH:24
end_of_record
