<?xml version="1.0" encoding="UTF-8"?>
<coverage generated="1520347995034" clover="3.2.0">
  <project timestamp="1520347995035" name="All files">
    <metrics statements="63" coveredstatements="28" conditionals="85" coveredconditionals="37" methods="10" coveredmethods="4" elements="158" coveredelements="69" complexity="0" loc="63" ncloc="63" packages="2" files="3" classes="3">
      <package name="36-compare-bsts">
        <metrics statements="14" coveredstatements="14" conditionals="24" coveredconditionals="24" methods="1" coveredmethods="1"/>
        <file name="solution.js" path="/Users/yuejiao/Projects/401/401-whiteboard/36-compare-bsts/solution.js">
          <metrics statements="14" coveredstatements="14" conditionals="24" coveredconditionals="24" methods="1" coveredmethods="1"/>
          <line num="3" count="1" type="stmt"/>
          <line num="5" count="1" type="stmt"/>
          <line num="6" count="12" type="cond" truecount="4" falsecount="0"/>
          <line num="7" count="7" type="cond" truecount="4" falsecount="0"/>
          <line num="8" count="4" type="cond" truecount="4" falsecount="0"/>
          <line num="9" count="3" type="stmt"/>
          <line num="10" count="3" type="cond" truecount="2" falsecount="0"/>
          <line num="11" count="10" type="cond" truecount="2" falsecount="0"/>
          <line num="12" count="9" type="stmt"/>
          <line num="13" count="9" type="cond" truecount="2" falsecount="0"/>
          <line num="14" count="9" type="cond" truecount="2" falsecount="0"/>
          <line num="15" count="9" type="cond" truecount="2" falsecount="0"/>
          <line num="16" count="9" type="cond" truecount="2" falsecount="0"/>
          <line num="18" count="2" type="stmt"/>
        </file>
      </package>
      <package name="36-compare-bsts.lib">
        <metrics statements="49" coveredstatements="14" conditionals="61" coveredconditionals="13" methods="9" coveredmethods="3"/>
        <file name="bst.js" path="/Users/yuejiao/Projects/401/401-whiteboard/36-compare-bsts/lib/bst.js">
          <metrics statements="45" coveredstatements="10" conditionals="59" coveredconditionals="11" methods="8" coveredmethods="2"/>
          <line num="3" count="1" type="stmt"/>
          <line num="5" count="1" type="stmt"/>
          <line num="7" count="2" type="stmt"/>
          <line num="11" count="20" type="cond" truecount="2" falsecount="0"/>
          <line num="12" count="18" type="cond" truecount="2" falsecount="0"/>
          <line num="13" count="8" type="cond" truecount="2" falsecount="0"/>
          <line num="14" count="4" type="stmt"/>
          <line num="16" count="10" type="cond" truecount="1" falsecount="1"/>
          <line num="17" count="10" type="cond" truecount="2" falsecount="0"/>
          <line num="18" count="4" type="stmt"/>
          <line num="23" count="0" type="cond" truecount="0" falsecount="2"/>
          <line num="24" count="0" type="cond" truecount="0" falsecount="2"/>
          <line num="25" count="0" type="cond" truecount="0" falsecount="2"/>
          <line num="26" count="0" type="stmt"/>
          <line num="30" count="0" type="cond" truecount="0" falsecount="2"/>
          <line num="32" count="0" type="stmt"/>
          <line num="33" count="0" type="stmt"/>
          <line num="34" count="0" type="cond" truecount="0" falsecount="2"/>
          <line num="35" count="0" type="stmt"/>
          <line num="36" count="0" type="stmt"/>
          <line num="37" count="0" type="stmt"/>
          <line num="40" count="0" type="stmt"/>
          <line num="41" count="0" type="stmt"/>
          <line num="45" count="0" type="cond" truecount="0" falsecount="2"/>
          <line num="46" count="0" type="stmt"/>
          <line num="47" count="0" type="stmt"/>
          <line num="49" count="0" type="cond" truecount="0" falsecount="2"/>
          <line num="50" count="0" type="stmt"/>
          <line num="51" count="0" type="stmt"/>
          <line num="53" count="0" type="cond" truecount="0" falsecount="2"/>
          <line num="54" count="0" type="cond" truecount="0" falsecount="2"/>
          <line num="55" count="0" type="cond" truecount="0" falsecount="4"/>
          <line num="56" count="0" type="cond" truecount="0" falsecount="2"/>
          <line num="57" count="0" type="cond" truecount="0" falsecount="2"/>
          <line num="59" count="0" type="cond" truecount="0" falsecount="4"/>
          <line num="60" count="0" type="cond" truecount="0" falsecount="4"/>
          <line num="61" count="0" type="cond" truecount="0" falsecount="4"/>
          <line num="66" count="0" type="cond" truecount="0" falsecount="2"/>
          <line num="67" count="0" type="stmt"/>
          <line num="68" count="0" type="cond" truecount="0" falsecount="2"/>
          <line num="69" count="0" type="stmt"/>
          <line num="71" count="0" type="stmt"/>
          <line num="72" count="0" type="cond" truecount="0" falsecount="2"/>
          <line num="73" count="0" type="stmt"/>
          <line num="75" count="0" type="stmt"/>
        </file>
        <file name="treenode.js" path="/Users/yuejiao/Projects/401/401-whiteboard/36-compare-bsts/lib/treenode.js">
          <metrics statements="4" coveredstatements="4" conditionals="2" coveredconditionals="2" methods="1" coveredmethods="1"/>
          <line num="3" count="1" type="stmt"/>
          <line num="5" count="12" type="stmt"/>
          <line num="6" count="12" type="stmt"/>
          <line num="7" count="12" type="stmt"/>
        </file>
      </package>
    </metrics>
  </project>
</coverage>
