{"/Users/yuejiao/Projects/401/401-whiteboard/36-compare-bsts/solution.js": {"path":"/Users/yuejiao/Projects/401/401-whiteboard/36-compare-bsts/solution.js","statementMap":{"0":{"start":{"line":3,"column":12},"end":{"line":3,"column":32}},"1":{"start":{"line":5,"column":0},"end":{"line":19,"column":2}},"2":{"start":{"line":6,"column":4},"end":{"line":6,"column":93}},"3":{"start":{"line":6,"column":60},"end":{"line":6,"column":93}},"4":{"start":{"line":7,"column":4},"end":{"line":7,"column":48}},"5":{"start":{"line":7,"column":36},"end":{"line":7,"column":48}},"6":{"start":{"line":8,"column":4},"end":{"line":8,"column":49}},"7":{"start":{"line":8,"column":36},"end":{"line":8,"column":49}},"8":{"start":{"line":9,"column":13},"end":{"line":9,"column":25}},"9":{"start":{"line":9,"column":32},"end":{"line":9,"column":44}},"10":{"start":{"line":10,"column":4},"end":{"line":17,"column":5}},"11":{"start":{"line":11,"column":8},"end":{"line":11,"column":50}},"12":{"start":{"line":11,"column":37},"end":{"line":11,"column":50}},"13":{"start":{"line":12,"column":20},"end":{"line":12,"column":30}},"14":{"start":{"line":12,"column":40},"end":{"line":12,"column":50}},"15":{"start":{"line":13,"column":8},"end":{"line":13,"column":44}},"16":{"start":{"line":13,"column":24},"end":{"line":13,"column":44}},"17":{"start":{"line":14,"column":8},"end":{"line":14,"column":46}},"18":{"start":{"line":14,"column":25},"end":{"line":14,"column":46}},"19":{"start":{"line":15,"column":8},"end":{"line":15,"column":44}},"20":{"start":{"line":15,"column":24},"end":{"line":15,"column":44}},"21":{"start":{"line":16,"column":8},"end":{"line":16,"column":46}},"22":{"start":{"line":16,"column":25},"end":{"line":16,"column":46}},"23":{"start":{"line":18,"column":4},"end":{"line":18,"column":16}}},"fnMap":{"0":{"name":"(anonymous_0)","decl":{"start":{"line":5,"column":18},"end":{"line":5,"column":19}},"loc":{"start":{"line":5,"column":36},"end":{"line":19,"column":1}},"line":5}},"branchMap":{"0":{"loc":{"start":{"line":6,"column":4},"end":{"line":6,"column":93}},"type":"if","locations":[{"start":{"line":6,"column":4},"end":{"line":6,"column":93}},{"start":{"line":6,"column":4},"end":{"line":6,"column":93}}],"line":6},"1":{"loc":{"start":{"line":6,"column":8},"end":{"line":6,"column":58}},"type":"binary-expr","locations":[{"start":{"line":6,"column":8},"end":{"line":6,"column":31}},{"start":{"line":6,"column":35},"end":{"line":6,"column":58}}],"line":6},"2":{"loc":{"start":{"line":7,"column":4},"end":{"line":7,"column":48}},"type":"if","locations":[{"start":{"line":7,"column":4},"end":{"line":7,"column":48}},{"start":{"line":7,"column":4},"end":{"line":7,"column":48}}],"line":7},"3":{"loc":{"start":{"line":7,"column":8},"end":{"line":7,"column":34}},"type":"binary-expr","locations":[{"start":{"line":7,"column":8},"end":{"line":7,"column":19}},{"start":{"line":7,"column":23},"end":{"line":7,"column":34}}],"line":7},"4":{"loc":{"start":{"line":8,"column":4},"end":{"line":8,"column":49}},"type":"if","locations":[{"start":{"line":8,"column":4},"end":{"line":8,"column":49}},{"start":{"line":8,"column":4},"end":{"line":8,"column":49}}],"line":8},"5":{"loc":{"start":{"line":8,"column":8},"end":{"line":8,"column":34}},"type":"binary-expr","locations":[{"start":{"line":8,"column":8},"end":{"line":8,"column":19}},{"start":{"line":8,"column":23},"end":{"line":8,"column":34}}],"line":8},"6":{"loc":{"start":{"line":10,"column":11},"end":{"line":10,"column":33}},"type":"binary-expr","locations":[{"start":{"line":10,"column":11},"end":{"line":10,"column":20}},{"start":{"line":10,"column":24},"end":{"line":10,"column":33}}],"line":10},"7":{"loc":{"start":{"line":11,"column":8},"end":{"line":11,"column":50}},"type":"if","locations":[{"start":{"line":11,"column":8},"end":{"line":11,"column":50}},{"start":{"line":11,"column":8},"end":{"line":11,"column":50}}],"line":11},"8":{"loc":{"start":{"line":13,"column":8},"end":{"line":13,"column":44}},"type":"if","locations":[{"start":{"line":13,"column":8},"end":{"line":13,"column":44}},{"start":{"line":13,"column":8},"end":{"line":13,"column":44}}],"line":13},"9":{"loc":{"start":{"line":14,"column":8},"end":{"line":14,"column":46}},"type":"if","locations":[{"start":{"line":14,"column":8},"end":{"line":14,"column":46}},{"start":{"line":14,"column":8},"end":{"line":14,"column":46}}],"line":14},"10":{"loc":{"start":{"line":15,"column":8},"end":{"line":15,"column":44}},"type":"if","locations":[{"start":{"line":15,"column":8},"end":{"line":15,"column":44}},{"start":{"line":15,"column":8},"end":{"line":15,"column":44}}],"line":15},"11":{"loc":{"start":{"line":16,"column":8},"end":{"line":16,"column":46}},"type":"if","locations":[{"start":{"line":16,"column":8},"end":{"line":16,"column":46}},{"start":{"line":16,"column":8},"end":{"line":16,"column":46}}],"line":16}},"s":{"0":1,"1":1,"2":12,"3":5,"4":7,"5":3,"6":4,"7":1,"8":3,"9":3,"10":3,"11":10,"12":1,"13":9,"14":9,"15":9,"16":3,"17":9,"18":5,"19":9,"20":3,"21":9,"22":4,"23":2},"f":{"0":12},"b":{"0":[5,7],"1":[12,9],"2":[3,4],"3":[7,3],"4":[1,3],"5":[4,4],"6":[12,2],"7":[1,9],"8":[3,6],"9":[5,4],"10":[3,6],"11":[4,5]},"_coverageSchema":"332fd63041d2c1bcb487cc26dd0d5f7d97098a6c","hash":"f1a9ba172903d389468831b49c53a4b0378214e8"}
,"/Users/yuejiao/Projects/401/401-whiteboard/36-compare-bsts/lib/bst.js": {"path":"/Users/yuejiao/Projects/401/401-whiteboard/36-compare-bsts/lib/bst.js","statementMap":{"0":{"start":{"line":3,"column":15},"end":{"line":3,"column":36}},"1":{"start":{"line":5,"column":0},"end":{"line":77,"column":2}},"2":{"start":{"line":7,"column":4},"end":{"line":7,"column":21}},"3":{"start":{"line":11,"column":4},"end":{"line":19,"column":5}},"4":{"start":{"line":11,"column":23},"end":{"line":11,"column":53}},"5":{"start":{"line":12,"column":9},"end":{"line":19,"column":5}},"6":{"start":{"line":13,"column":6},"end":{"line":14,"column":39}},"7":{"start":{"line":13,"column":22},"end":{"line":13,"column":52}},"8":{"start":{"line":14,"column":11},"end":{"line":14,"column":39}},"9":{"start":{"line":16,"column":9},"end":{"line":19,"column":5}},"10":{"start":{"line":17,"column":6},"end":{"line":18,"column":40}},"11":{"start":{"line":17,"column":23},"end":{"line":17,"column":54}},"12":{"start":{"line":18,"column":11},"end":{"line":18,"column":40}},"13":{"start":{"line":23,"column":4},"end":{"line":23,"column":27}},"14":{"start":{"line":23,"column":15},"end":{"line":23,"column":27}},"15":{"start":{"line":24,"column":4},"end":{"line":26,"column":43}},"16":{"start":{"line":24,"column":28},"end":{"line":24,"column":40}},"17":{"start":{"line":25,"column":9},"end":{"line":26,"column":43}},"18":{"start":{"line":25,"column":31},"end":{"line":25,"column":64}},"19":{"start":{"line":26,"column":9},"end":{"line":26,"column":43}},"20":{"start":{"line":30,"column":4},"end":{"line":30,"column":27}},"21":{"start":{"line":30,"column":15},"end":{"line":30,"column":27}},"22":{"start":{"line":32,"column":15},"end":{"line":32,"column":19}},"23":{"start":{"line":33,"column":23},"end":{"line":43,"column":5}},"24":{"start":{"line":34,"column":6},"end":{"line":42,"column":7}},"25":{"start":{"line":35,"column":18},"end":{"line":35,"column":26}},"26":{"start":{"line":36,"column":8},"end":{"line":36,"column":25}},"27":{"start":{"line":37,"column":8},"end":{"line":37,"column":19}},"28":{"start":{"line":40,"column":8},"end":{"line":40,"column":18}},"29":{"start":{"line":41,"column":8},"end":{"line":41,"column":35}},"30":{"start":{"line":45,"column":4},"end":{"line":62,"column":5}},"31":{"start":{"line":46,"column":6},"end":{"line":46,"column":20}},"32":{"start":{"line":47,"column":6},"end":{"line":47,"column":49}},"33":{"start":{"line":49,"column":9},"end":{"line":62,"column":5}},"34":{"start":{"line":50,"column":6},"end":{"line":50,"column":20}},"35":{"start":{"line":51,"column":6},"end":{"line":51,"column":50}},"36":{"start":{"line":53,"column":9},"end":{"line":62,"column":5}},"37":{"start":{"line":54,"column":6},"end":{"line":61,"column":70}},"38":{"start":{"line":54,"column":19},"end":{"line":54,"column":36}},"39":{"start":{"line":55,"column":11},"end":{"line":61,"column":70}},"40":{"start":{"line":56,"column":8},"end":{"line":57,"column":57}},"41":{"start":{"line":56,"column":32},"end":{"line":56,"column":51}},"42":{"start":{"line":57,"column":13},"end":{"line":57,"column":57}},"43":{"start":{"line":57,"column":37},"end":{"line":57,"column":57}},"44":{"start":{"line":59,"column":11},"end":{"line":61,"column":70}},"45":{"start":{"line":59,"column":41},"end":{"line":59,"column":67}},"46":{"start":{"line":60,"column":11},"end":{"line":61,"column":70}},"47":{"start":{"line":60,"column":41},"end":{"line":60,"column":65}},"48":{"start":{"line":61,"column":11},"end":{"line":61,"column":70}},"49":{"start":{"line":61,"column":40},"end":{"line":61,"column":70}},"50":{"start":{"line":66,"column":4},"end":{"line":66,"column":32}},"51":{"start":{"line":66,"column":20},"end":{"line":66,"column":32}},"52":{"start":{"line":67,"column":23},"end":{"line":70,"column":5}},"53":{"start":{"line":68,"column":6},"end":{"line":68,"column":29}},"54":{"start":{"line":68,"column":17},"end":{"line":68,"column":29}},"55":{"start":{"line":69,"column":6},"end":{"line":69,"column":73}},"56":{"start":{"line":71,"column":23},"end":{"line":74,"column":5}},"57":{"start":{"line":72,"column":6},"end":{"line":72,"column":29}},"58":{"start":{"line":72,"column":17},"end":{"line":72,"column":29}},"59":{"start":{"line":73,"column":6},"end":{"line":73,"column":73}},"60":{"start":{"line":75,"column":4},"end":{"line":75,"column":62}}},"fnMap":{"0":{"name":"(anonymous_0)","decl":{"start":{"line":6,"column":2},"end":{"line":6,"column":3}},"loc":{"start":{"line":6,"column":27},"end":{"line":8,"column":3}},"line":6},"1":{"name":"(anonymous_1)","decl":{"start":{"line":10,"column":2},"end":{"line":10,"column":3}},"loc":{"start":{"line":10,"column":32},"end":{"line":20,"column":3}},"line":10},"2":{"name":"(anonymous_2)","decl":{"start":{"line":22,"column":2},"end":{"line":22,"column":3}},"loc":{"start":{"line":22,"column":30},"end":{"line":27,"column":3}},"line":22},"3":{"name":"(anonymous_3)","decl":{"start":{"line":29,"column":2},"end":{"line":29,"column":3}},"loc":{"start":{"line":29,"column":47},"end":{"line":63,"column":3}},"line":29},"4":{"name":"(anonymous_4)","decl":{"start":{"line":33,"column":23},"end":{"line":33,"column":24}},"loc":{"start":{"line":33,"column":31},"end":{"line":43,"column":5}},"line":33},"5":{"name":"(anonymous_5)","decl":{"start":{"line":65,"column":2},"end":{"line":65,"column":3}},"loc":{"start":{"line":65,"column":15},"end":{"line":76,"column":3}},"line":65},"6":{"name":"(anonymous_6)","decl":{"start":{"line":67,"column":23},"end":{"line":67,"column":24}},"loc":{"start":{"line":67,"column":31},"end":{"line":70,"column":5}},"line":67},"7":{"name":"(anonymous_7)","decl":{"start":{"line":71,"column":23},"end":{"line":71,"column":24}},"loc":{"start":{"line":71,"column":31},"end":{"line":74,"column":5}},"line":71}},"branchMap":{"0":{"loc":{"start":{"line":6,"column":14},"end":{"line":6,"column":25}},"type":"default-arg","locations":[{"start":{"line":6,"column":21},"end":{"line":6,"column":25}}],"line":6},"1":{"loc":{"start":{"line":10,"column":14},"end":{"line":10,"column":30}},"type":"default-arg","locations":[{"start":{"line":10,"column":21},"end":{"line":10,"column":30}}],"line":10},"2":{"loc":{"start":{"line":11,"column":4},"end":{"line":19,"column":5}},"type":"if","locations":[{"start":{"line":11,"column":4},"end":{"line":19,"column":5}},{"start":{"line":11,"column":4},"end":{"line":19,"column":5}}],"line":11},"3":{"loc":{"start":{"line":12,"column":9},"end":{"line":19,"column":5}},"type":"if","locations":[{"start":{"line":12,"column":9},"end":{"line":19,"column":5}},{"start":{"line":12,"column":9},"end":{"line":19,"column":5}}],"line":12},"4":{"loc":{"start":{"line":13,"column":6},"end":{"line":14,"column":39}},"type":"if","locations":[{"start":{"line":13,"column":6},"end":{"line":14,"column":39}},{"start":{"line":13,"column":6},"end":{"line":14,"column":39}}],"line":13},"5":{"loc":{"start":{"line":16,"column":9},"end":{"line":19,"column":5}},"type":"if","locations":[{"start":{"line":16,"column":9},"end":{"line":19,"column":5}},{"start":{"line":16,"column":9},"end":{"line":19,"column":5}}],"line":16},"6":{"loc":{"start":{"line":17,"column":6},"end":{"line":18,"column":40}},"type":"if","locations":[{"start":{"line":17,"column":6},"end":{"line":18,"column":40}},{"start":{"line":17,"column":6},"end":{"line":18,"column":40}}],"line":17},"7":{"loc":{"start":{"line":22,"column":12},"end":{"line":22,"column":28}},"type":"default-arg","locations":[{"start":{"line":22,"column":19},"end":{"line":22,"column":28}}],"line":22},"8":{"loc":{"start":{"line":23,"column":4},"end":{"line":23,"column":27}},"type":"if","locations":[{"start":{"line":23,"column":4},"end":{"line":23,"column":27}},{"start":{"line":23,"column":4},"end":{"line":23,"column":27}}],"line":23},"9":{"loc":{"start":{"line":24,"column":4},"end":{"line":26,"column":43}},"type":"if","locations":[{"start":{"line":24,"column":4},"end":{"line":26,"column":43}},{"start":{"line":24,"column":4},"end":{"line":26,"column":43}}],"line":24},"10":{"loc":{"start":{"line":25,"column":9},"end":{"line":26,"column":43}},"type":"if","locations":[{"start":{"line":25,"column":9},"end":{"line":26,"column":43}},{"start":{"line":25,"column":9},"end":{"line":26,"column":43}}],"line":25},"11":{"loc":{"start":{"line":29,"column":14},"end":{"line":29,"column":30}},"type":"default-arg","locations":[{"start":{"line":29,"column":21},"end":{"line":29,"column":30}}],"line":29},"12":{"loc":{"start":{"line":29,"column":32},"end":{"line":29,"column":45}},"type":"default-arg","locations":[{"start":{"line":29,"column":41},"end":{"line":29,"column":45}}],"line":29},"13":{"loc":{"start":{"line":30,"column":4},"end":{"line":30,"column":27}},"type":"if","locations":[{"start":{"line":30,"column":4},"end":{"line":30,"column":27}},{"start":{"line":30,"column":4},"end":{"line":30,"column":27}}],"line":30},"14":{"loc":{"start":{"line":34,"column":6},"end":{"line":42,"column":7}},"type":"if","locations":[{"start":{"line":34,"column":6},"end":{"line":42,"column":7}},{"start":{"line":34,"column":6},"end":{"line":42,"column":7}}],"line":34},"15":{"loc":{"start":{"line":45,"column":4},"end":{"line":62,"column":5}},"type":"if","locations":[{"start":{"line":45,"column":4},"end":{"line":62,"column":5}},{"start":{"line":45,"column":4},"end":{"line":62,"column":5}}],"line":45},"16":{"loc":{"start":{"line":49,"column":9},"end":{"line":62,"column":5}},"type":"if","locations":[{"start":{"line":49,"column":9},"end":{"line":62,"column":5}},{"start":{"line":49,"column":9},"end":{"line":62,"column":5}}],"line":49},"17":{"loc":{"start":{"line":53,"column":9},"end":{"line":62,"column":5}},"type":"if","locations":[{"start":{"line":53,"column":9},"end":{"line":62,"column":5}},{"start":{"line":53,"column":9},"end":{"line":62,"column":5}}],"line":53},"18":{"loc":{"start":{"line":54,"column":6},"end":{"line":61,"column":70}},"type":"if","locations":[{"start":{"line":54,"column":6},"end":{"line":61,"column":70}},{"start":{"line":54,"column":6},"end":{"line":61,"column":70}}],"line":54},"19":{"loc":{"start":{"line":55,"column":11},"end":{"line":61,"column":70}},"type":"if","locations":[{"start":{"line":55,"column":11},"end":{"line":61,"column":70}},{"start":{"line":55,"column":11},"end":{"line":61,"column":70}}],"line":55},"20":{"loc":{"start":{"line":55,"column":15},"end":{"line":55,"column":40}},"type":"binary-expr","locations":[{"start":{"line":55,"column":15},"end":{"line":55,"column":26}},{"start":{"line":55,"column":30},"end":{"line":55,"column":40}}],"line":55},"21":{"loc":{"start":{"line":56,"column":8},"end":{"line":57,"column":57}},"type":"if","locations":[{"start":{"line":56,"column":8},"end":{"line":57,"column":57}},{"start":{"line":56,"column":8},"end":{"line":57,"column":57}}],"line":56},"22":{"loc":{"start":{"line":57,"column":13},"end":{"line":57,"column":57}},"type":"if","locations":[{"start":{"line":57,"column":13},"end":{"line":57,"column":57}},{"start":{"line":57,"column":13},"end":{"line":57,"column":57}}],"line":57},"23":{"loc":{"start":{"line":59,"column":11},"end":{"line":61,"column":70}},"type":"if","locations":[{"start":{"line":59,"column":11},"end":{"line":61,"column":70}},{"start":{"line":59,"column":11},"end":{"line":61,"column":70}}],"line":59},"24":{"loc":{"start":{"line":59,"column":15},"end":{"line":59,"column":39}},"type":"binary-expr","locations":[{"start":{"line":59,"column":15},"end":{"line":59,"column":25}},{"start":{"line":59,"column":29},"end":{"line":59,"column":39}}],"line":59},"25":{"loc":{"start":{"line":60,"column":11},"end":{"line":61,"column":70}},"type":"if","locations":[{"start":{"line":60,"column":11},"end":{"line":61,"column":70}},{"start":{"line":60,"column":11},"end":{"line":61,"column":70}}],"line":60},"26":{"loc":{"start":{"line":60,"column":15},"end":{"line":60,"column":39}},"type":"binary-expr","locations":[{"start":{"line":60,"column":15},"end":{"line":60,"column":26}},{"start":{"line":60,"column":30},"end":{"line":60,"column":39}}],"line":60},"27":{"loc":{"start":{"line":61,"column":11},"end":{"line":61,"column":70}},"type":"if","locations":[{"start":{"line":61,"column":11},"end":{"line":61,"column":70}},{"start":{"line":61,"column":11},"end":{"line":61,"column":70}}],"line":61},"28":{"loc":{"start":{"line":61,"column":15},"end":{"line":61,"column":38}},"type":"binary-expr","locations":[{"start":{"line":61,"column":15},"end":{"line":61,"column":25}},{"start":{"line":61,"column":29},"end":{"line":61,"column":38}}],"line":61},"29":{"loc":{"start":{"line":66,"column":4},"end":{"line":66,"column":32}},"type":"if","locations":[{"start":{"line":66,"column":4},"end":{"line":66,"column":32}},{"start":{"line":66,"column":4},"end":{"line":66,"column":32}}],"line":66},"30":{"loc":{"start":{"line":68,"column":6},"end":{"line":68,"column":29}},"type":"if","locations":[{"start":{"line":68,"column":6},"end":{"line":68,"column":29}},{"start":{"line":68,"column":6},"end":{"line":68,"column":29}}],"line":68},"31":{"loc":{"start":{"line":72,"column":6},"end":{"line":72,"column":29}},"type":"if","locations":[{"start":{"line":72,"column":6},"end":{"line":72,"column":29}},{"start":{"line":72,"column":6},"end":{"line":72,"column":29}}],"line":72}},"s":{"0":1,"1":1,"2":2,"3":20,"4":2,"5":18,"6":8,"7":4,"8":4,"9":10,"10":10,"11":6,"12":4,"13":0,"14":0,"15":0,"16":0,"17":0,"18":0,"19":0,"20":0,"21":0,"22":0,"23":0,"24":0,"25":0,"26":0,"27":0,"28":0,"29":0,"30":0,"31":0,"32":0,"33":0,"34":0,"35":0,"36":0,"37":0,"38":0,"39":0,"40":0,"41":0,"42":0,"43":0,"44":0,"45":0,"46":0,"47":0,"48":0,"49":0,"50":0,"51":0,"52":0,"53":0,"54":0,"55":0,"56":0,"57":0,"58":0,"59":0,"60":0},"f":{"0":2,"1":20,"2":0,"3":0,"4":0,"5":0,"6":0,"7":0},"b":{"0":[2],"1":[12],"2":[2,18],"3":[8,10],"4":[4,4],"5":[10,0],"6":[6,4],"7":[0],"8":[0,0],"9":[0,0],"10":[0,0],"11":[0],"12":[0],"13":[0,0],"14":[0,0],"15":[0,0],"16":[0,0],"17":[0,0],"18":[0,0],"19":[0,0],"20":[0,0],"21":[0,0],"22":[0,0],"23":[0,0],"24":[0,0],"25":[0,0],"26":[0,0],"27":[0,0],"28":[0,0],"29":[0,0],"30":[0,0],"31":[0,0]},"_coverageSchema":"332fd63041d2c1bcb487cc26dd0d5f7d97098a6c","hash":"0c039e143827944beb01d39edb5d867ef08beaf4"}
,"/Users/yuejiao/Projects/401/401-whiteboard/36-compare-bsts/lib/treenode.js": {"path":"/Users/yuejiao/Projects/401/401-whiteboard/36-compare-bsts/lib/treenode.js","statementMap":{"0":{"start":{"line":3,"column":0},"end":{"line":9,"column":2}},"1":{"start":{"line":5,"column":4},"end":{"line":5,"column":23}},"2":{"start":{"line":6,"column":4},"end":{"line":6,"column":21}},"3":{"start":{"line":7,"column":4},"end":{"line":7,"column":23}}},"fnMap":{"0":{"name":"(anonymous_0)","decl":{"start":{"line":4,"column":2},"end":{"line":4,"column":3}},"loc":{"start":{"line":4,"column":48},"end":{"line":8,"column":3}},"line":4}},"branchMap":{"0":{"loc":{"start":{"line":4,"column":21},"end":{"line":4,"column":32}},"type":"default-arg","locations":[{"start":{"line":4,"column":28},"end":{"line":4,"column":32}}],"line":4},"1":{"loc":{"start":{"line":4,"column":34},"end":{"line":4,"column":46}},"type":"default-arg","locations":[{"start":{"line":4,"column":42},"end":{"line":4,"column":46}}],"line":4}},"s":{"0":1,"1":12,"2":12,"3":12},"f":{"0":12},"b":{"0":[12],"1":[12]},"_coverageSchema":"332fd63041d2c1bcb487cc26dd0d5f7d97098a6c","hash":"bc863a4d6be47fea4325c95768c6b5ffa2821672"}
}
