TN:
SF:/Users/yuejiao/Projects/401/401-whiteboard/36-compare-bsts/solution.js
FN:5,(anonymous_0)
FN:14,_traverseOne
FN:26,_traverseTwo
FNF:3
FNH:2
FNDA:9,(anonymous_0)
FNDA:1,_traverseOne
FNDA:0,_traverseTwo
DA:3,1
DA:5,1
DA:6,9
DA:7,4
DA:8,4
DA:9,3
DA:10,3
DA:11,3
DA:15,1
DA:16,0
DA:17,0
DA:19,1
DA:20,0
DA:21,0
DA:22,0
DA:27,0
DA:28,0
DA:29,0
DA:31,0
DA:32,0
DA:33,0
DA:34,0
LF:22
LH:10
BRDA:6,0,0,5
BRDA:6,0,1,4
BRDA:6,1,0,9
BRDA:6,1,1,6
BRDA:8,2,0,1
BRDA:8,2,1,3
BRDA:9,3,0,0
BRDA:9,3,1,3
BRDA:15,4,0,0
BRDA:15,4,1,1
BRDA:20,5,0,0
BRDA:20,5,1,0
BRDA:27,6,0,0
BRDA:27,6,1,0
BRDA:32,7,0,0
BRDA:32,7,1,0
BRF:16
BRH:8
end_of_record
TN:
SF:/Users/yuejiao/Projects/401/401-whiteboard/36-compare-bsts/lib/bst.js
FN:6,(anonymous_0)
FN:10,(anonymous_1)
FN:22,(anonymous_2)
FN:29,(anonymous_3)
FN:33,(anonymous_4)
FN:65,(anonymous_5)
FN:67,(anonymous_6)
FN:71,(anonymous_7)
FN:78,(anonymous_8)
FN:82,(anonymous_9)
FN:94,(anonymous_10)
FNF:11
FNH:2
FNDA:2,(anonymous_0)
FNDA:1,(anonymous_1)
FNDA:0,(anonymous_2)
FNDA:0,(anonymous_3)
FNDA:0,(anonymous_4)
FNDA:0,(anonymous_5)
FNDA:0,(anonymous_6)
FNDA:0,(anonymous_7)
FNDA:0,(anonymous_8)
FNDA:0,(anonymous_9)
FNDA:0,(anonymous_10)
DA:3,1
DA:5,1
DA:7,2
DA:11,1
DA:12,0
DA:13,0
DA:14,0
DA:16,0
DA:17,0
DA:18,0
DA:23,0
DA:24,0
DA:25,0
DA:26,0
DA:30,0
DA:32,0
DA:33,0
DA:34,0
DA:35,0
DA:36,0
DA:37,0
DA:40,0
DA:41,0
DA:45,0
DA:46,0
DA:47,0
DA:49,0
DA:50,0
DA:51,0
DA:53,0
DA:54,0
DA:55,0
DA:56,0
DA:57,0
DA:59,0
DA:60,0
DA:61,0
DA:66,0
DA:67,0
DA:68,0
DA:69,0
DA:71,0
DA:72,0
DA:73,0
DA:75,0
DA:79,0
DA:80,0
DA:82,0
DA:83,0
DA:84,0
DA:85,0
DA:87,0
DA:88,0
DA:89,0
DA:90,0
DA:94,0
DA:95,0
DA:96,0
DA:97,0
DA:99,0
DA:100,0
DA:101,0
DA:102,0
DA:106,0
DA:107,0
DA:108,0
LF:66
LH:4
BRDA:6,0,0,2
BRDA:10,1,0,1
BRDA:11,2,0,1
BRDA:11,2,1,0
BRDA:12,3,0,0
BRDA:12,3,1,0
BRDA:13,4,0,0
BRDA:13,4,1,0
BRDA:16,5,0,0
BRDA:16,5,1,0
BRDA:17,6,0,0
BRDA:17,6,1,0
BRDA:22,7,0,0
BRDA:23,8,0,0
BRDA:23,8,1,0
BRDA:24,9,0,0
BRDA:24,9,1,0
BRDA:25,10,0,0
BRDA:25,10,1,0
BRDA:29,11,0,0
BRDA:29,12,0,0
BRDA:30,13,0,0
BRDA:30,13,1,0
BRDA:34,14,0,0
BRDA:34,14,1,0
BRDA:45,15,0,0
BRDA:45,15,1,0
BRDA:49,16,0,0
BRDA:49,16,1,0
BRDA:53,17,0,0
BRDA:53,17,1,0
BRDA:54,18,0,0
BRDA:54,18,1,0
BRDA:55,19,0,0
BRDA:55,19,1,0
BRDA:55,20,0,0
BRDA:55,20,1,0
BRDA:56,21,0,0
BRDA:56,21,1,0
BRDA:57,22,0,0
BRDA:57,22,1,0
BRDA:59,23,0,0
BRDA:59,23,1,0
BRDA:59,24,0,0
BRDA:59,24,1,0
BRDA:60,25,0,0
BRDA:60,25,1,0
BRDA:60,26,0,0
BRDA:60,26,1,0
BRDA:61,27,0,0
BRDA:61,27,1,0
BRDA:61,28,0,0
BRDA:61,28,1,0
BRDA:66,29,0,0
BRDA:66,29,1,0
BRDA:68,30,0,0
BRDA:68,30,1,0
BRDA:72,31,0,0
BRDA:72,31,1,0
BRDA:79,32,0,0
BRDA:79,32,1,0
BRDA:83,33,0,0
BRDA:83,33,1,0
BRDA:88,34,0,0
BRDA:88,34,1,0
BRDA:95,35,0,0
BRDA:95,35,1,0
BRDA:100,36,0,0
BRDA:100,36,1,0
BRDA:106,37,0,0
BRDA:106,37,1,0
BRDA:107,38,0,0
BRDA:107,38,1,0
BRF:73
BRH:3
end_of_record
TN:
SF:/Users/yuejiao/Projects/401/401-whiteboard/36-compare-bsts/lib/treenode.js
FN:4,(anonymous_0)
FNF:1
FNH:1
FNDA:1,(anonymous_0)
DA:3,1
DA:5,1
DA:6,1
DA:7,1
LF:4
LH:4
BRDA:4,0,0,1
BRDA:4,1,0,1
BRF:2
BRH:2
end_of_record
