TN:
SF:/Users/yuejiao/Projects/401/401-whiteboard/36-compare-bsts/solution.js
FN:5,(anonymous_0)
FNF:1
FNH:1
FNDA:12,(anonymous_0)
DA:3,1
DA:5,1
DA:6,12
DA:7,7
DA:8,4
DA:9,3
DA:10,3
DA:11,10
DA:12,9
DA:13,9
DA:14,9
DA:15,9
DA:16,9
DA:18,2
LF:14
LH:14
BRDA:6,0,0,5
BRDA:6,0,1,7
BRDA:6,1,0,12
BRDA:6,1,1,9
BRDA:7,2,0,3
BRDA:7,2,1,4
BRDA:7,3,0,7
BRDA:7,3,1,3
BRDA:8,4,0,1
BRDA:8,4,1,3
BRDA:8,5,0,4
BRDA:8,5,1,4
BRDA:10,6,0,12
BRDA:10,6,1,2
BRDA:11,7,0,1
BRDA:11,7,1,9
BRDA:13,8,0,3
BRDA:13,8,1,6
BRDA:14,9,0,5
BRDA:14,9,1,4
BRDA:15,10,0,3
BRDA:15,10,1,6
BRDA:16,11,0,4
BRDA:16,11,1,5
BRF:24
BRH:24
end_of_record
TN:
SF:/Users/yuejiao/Projects/401/401-whiteboard/36-compare-bsts/lib/bst.js
FN:6,(anonymous_0)
FN:10,(anonymous_1)
FN:22,(anonymous_2)
FN:29,(anonymous_3)
FN:33,(anonymous_4)
FN:65,(anonymous_5)
FN:67,(anonymous_6)
FN:71,(anonymous_7)
FNF:8
FNH:2
FNDA:2,(anonymous_0)
FNDA:20,(anonymous_1)
FNDA:0,(anonymous_2)
FNDA:0,(anonymous_3)
FNDA:0,(anonymous_4)
FNDA:0,(anonymous_5)
FNDA:0,(anonymous_6)
FNDA:0,(anonymous_7)
DA:3,1
DA:5,1
DA:7,2
DA:11,20
DA:12,18
DA:13,8
DA:14,4
DA:16,10
DA:17,10
DA:18,4
DA:23,0
DA:24,0
DA:25,0
DA:26,0
DA:30,0
DA:32,0
DA:33,0
DA:34,0
DA:35,0
DA:36,0
DA:37,0
DA:40,0
DA:41,0
DA:45,0
DA:46,0
DA:47,0
DA:49,0
DA:50,0
DA:51,0
DA:53,0
DA:54,0
DA:55,0
DA:56,0
DA:57,0
DA:59,0
DA:60,0
DA:61,0
DA:66,0
DA:67,0
DA:68,0
DA:69,0
DA:71,0
DA:72,0
DA:73,0
DA:75,0
LF:45
LH:10
BRDA:6,0,0,2
BRDA:10,1,0,12
BRDA:11,2,0,2
BRDA:11,2,1,18
BRDA:12,3,0,8
BRDA:12,3,1,10
BRDA:13,4,0,4
BRDA:13,4,1,4
BRDA:16,5,0,10
BRDA:16,5,1,0
BRDA:17,6,0,6
BRDA:17,6,1,4
BRDA:22,7,0,0
BRDA:23,8,0,0
BRDA:23,8,1,0
BRDA:24,9,0,0
BRDA:24,9,1,0
BRDA:25,10,0,0
BRDA:25,10,1,0
BRDA:29,11,0,0
BRDA:29,12,0,0
BRDA:30,13,0,0
BRDA:30,13,1,0
BRDA:34,14,0,0
BRDA:34,14,1,0
BRDA:45,15,0,0
BRDA:45,15,1,0
BRDA:49,16,0,0
BRDA:49,16,1,0
BRDA:53,17,0,0
BRDA:53,17,1,0
BRDA:54,18,0,0
BRDA:54,18,1,0
BRDA:55,19,0,0
BRDA:55,19,1,0
BRDA:55,20,0,0
BRDA:55,20,1,0
BRDA:56,21,0,0
BRDA:56,21,1,0
BRDA:57,22,0,0
BRDA:57,22,1,0
BRDA:59,23,0,0
BRDA:59,23,1,0
BRDA:59,24,0,0
BRDA:59,24,1,0
BRDA:60,25,0,0
BRDA:60,25,1,0
BRDA:60,26,0,0
BRDA:60,26,1,0
BRDA:61,27,0,0
BRDA:61,27,1,0
BRDA:61,28,0,0
BRDA:61,28,1,0
BRDA:66,29,0,0
BRDA:66,29,1,0
BRDA:68,30,0,0
BRDA:68,30,1,0
BRDA:72,31,0,0
BRDA:72,31,1,0
BRF:59
BRH:11
end_of_record
TN:
SF:/Users/yuejiao/Projects/401/401-whiteboard/36-compare-bsts/lib/treenode.js
FN:4,(anonymous_0)
FNF:1
FNH:1
FNDA:12,(anonymous_0)
DA:3,1
DA:5,12
DA:6,12
DA:7,12
LF:4
LH:4
BRDA:4,0,0,12
BRDA:4,1,0,12
BRF:2
BRH:2
end_of_record
